<?xml version="1.0" encoding="UTF-8"?>
<testsuite xmlns:xsi="http://www.w3.org/2001/XMLSchema-instance" xsi:noNamespaceSchemaLocation="https://maven.apache.org/surefire/maven-surefire-plugin/xsd/surefire-test-report-3.0.xsd" version="3.0" name="com.example.shipping.ShippingCalculatorIntegrationTest" time="0.078" tests="19" errors="0" skipped="0" failures="0">
  <properties>
[...]
</properties>
  <testcase name="testInternationalShippingIncludesCustomsFee" classname="com.example.shipping.ShippingCalculatorIntegrationTest" time="0.041">
    <system-err><![CDATA[Nov 04, 2025 1:46:32 PM com.example.shipping.ShippingCalculator calculateInternationalShipping
INFO: Calculating INTERNATIONAL shipping
]]></system-err>
  </testcase>
  <testcase name="testCalculateInternationalShipping" classname="com.example.shipping.ShippingCalculatorIntegrationTest" time="0.001">
    <system-err><![CDATA[Nov 04, 2025 1:46:32 PM com.example.shipping.ShippingCalculator calculateInternationalShipping
INFO: Calculating INTERNATIONAL shipping
]]></system-err>
  </testcase>
  <testcase name="testCalculateExpressShipping" classname="com.example.shipping.ShippingCalculatorIntegrationTest" time="0.001">
    <system-err><![CDATA[Nov 04, 2025 1:46:32 PM com.example.shipping.ShippingCalculator calculateExpressShipping
INFO: Calculating EXPRESS shipping
]]></system-err>
  </testcase>
  <testcase name="testOvernightShippingMinimumCost" classname="com.example.shipping.ShippingCalculatorIntegrationTest" time="0.001">
    <system-err><![CDATA[Nov 04, 2025 1:46:32 PM com.example.shipping.ShippingCalculator calculateOvernightShipping
INFO: Calculating OVERNIGHT shipping
]]></system-err>
  </testcase>
  <testcase name="testCalculateShippingWithCaseInsensitiveMethod" classname="com.example.shipping.ShippingCalculatorIntegrationTest" time="0.001">
    <system-err><![CDATA[Nov 04, 2025 1:46:32 PM com.example.shipping.ShippingCalculator calculateShipping
INFO: Calculating shipping for method: standard
Nov 04, 2025 1:46:32 PM com.example.shipping.ShippingCalculator calculateStandardShipping
INFO: Calculating STANDARD shipping
]]></system-err>
  </testcase>
  <testcase name="testStandardShippingMinimumCost" classname="com.example.shipping.ShippingCalculatorIntegrationTest" time="0.001">
    <system-err><![CDATA[Nov 04, 2025 1:46:32 PM com.example.shipping.ShippingCalculator calculateStandardShipping
INFO: Calculating STANDARD shipping
]]></system-err>
  </testcase>
  <testcase name="testExpressShippingMinimumCost" classname="com.example.shipping.ShippingCalculatorIntegrationTest" time="0.0">
    <system-err><![CDATA[Nov 04, 2025 1:46:32 PM com.example.shipping.ShippingCalculator calculateExpressShipping
INFO: Calculating EXPRESS shipping
]]></system-err>
  </testcase>
  <testcase name="testCalculateShippingWithExpressMethod" classname="com.example.shipping.ShippingCalculatorIntegrationTest" time="0.0">
    <system-err><![CDATA[Nov 04, 2025 1:46:32 PM com.example.shipping.ShippingCalculator calculateShipping
INFO: Calculating shipping for method: EXPRESS
Nov 04, 2025 1:46:32 PM com.example.shipping.ShippingCalculator calculateExpressShipping
INFO: Calculating EXPRESS shipping
]]></system-err>
  </testcase>
  <testcase name="testExpressMoreExpensiveThanStandard" classname="com.example.shipping.ShippingCalculatorIntegrationTest" time="0.001">
    <system-err><![CDATA[Nov 04, 2025 1:46:32 PM com.example.shipping.ShippingCalculator calculateStandardShipping
INFO: Calculating STANDARD shipping
Nov 04, 2025 1:46:32 PM com.example.shipping.ShippingCalculator calculateExpressShipping
INFO: Calculating EXPRESS shipping
]]></system-err>
  </testcase>
  <testcase name="testVolumeBasedSurcharge" classname="com.example.shipping.ShippingCalculatorIntegrationTest" time="0.001">
    <system-err><![CDATA[Nov 04, 2025 1:46:32 PM com.example.shipping.ShippingCalculator calculateStandardShipping
INFO: Calculating STANDARD shipping
]]></system-err>
  </testcase>
  <testcase name="testInternationalShippingMinimumCost" classname="com.example.shipping.ShippingCalculatorIntegrationTest" time="0.001">
    <system-err><![CDATA[Nov 04, 2025 1:46:32 PM com.example.shipping.ShippingCalculator calculateInternationalShipping
INFO: Calculating INTERNATIONAL shipping
]]></system-err>
  </testcase>
  <testcase name="testCalculateShippingWithInternationalMethod" classname="com.example.shipping.ShippingCalculatorIntegrationTest" time="0.001">
    <system-err><![CDATA[Nov 04, 2025 1:46:32 PM com.example.shipping.ShippingCalculator calculateShipping
INFO: Calculating shipping for method: INTERNATIONAL
Nov 04, 2025 1:46:32 PM com.example.shipping.ShippingCalculator calculateInternationalShipping
INFO: Calculating INTERNATIONAL shipping
]]></system-err>
  </testcase>
  <testcase name="testCalculateShippingWithUnsupportedMethod" classname="com.example.shipping.ShippingCalculatorIntegrationTest" time="0.001">
    <system-err><![CDATA[Nov 04, 2025 1:46:32 PM com.example.shipping.ShippingCalculator calculateShipping
INFO: Calculating shipping for method: SAME_DAY
]]></system-err>
  </testcase>
  <testcase name="testCalculateShippingWithOvernightMethod" classname="com.example.shipping.ShippingCalculatorIntegrationTest" time="0.001">
    <system-err><![CDATA[Nov 04, 2025 1:46:32 PM com.example.shipping.ShippingCalculator calculateShipping
INFO: Calculating shipping for method: OVERNIGHT
Nov 04, 2025 1:46:32 PM com.example.shipping.ShippingCalculator calculateOvernightShipping
INFO: Calculating OVERNIGHT shipping
]]></system-err>
  </testcase>
  <testcase name="testCalculateStandardShipping" classname="com.example.shipping.ShippingCalculatorIntegrationTest" time="0.0">
    <system-err><![CDATA[Nov 04, 2025 1:46:32 PM com.example.shipping.ShippingCalculator calculateStandardShipping
INFO: Calculating STANDARD shipping
]]></system-err>
  </testcase>
  <testcase name="testCalculateShippingWithStandardMethod" classname="com.example.shipping.ShippingCalculatorIntegrationTest" time="0.001">
    <system-err><![CDATA[Nov 04, 2025 1:46:32 PM com.example.shipping.ShippingCalculator calculateShipping
INFO: Calculating shipping for method: STANDARD
Nov 04, 2025 1:46:32 PM com.example.shipping.ShippingCalculator calculateStandardShipping
INFO: Calculating STANDARD shipping
]]></system-err>
  </testcase>
  <testcase name="testCalculateOvernightShipping" classname="com.example.shipping.ShippingCalculatorIntegrationTest" time="0.001">
    <system-err><![CDATA[Nov 04, 2025 1:46:32 PM com.example.shipping.ShippingCalculator calculateOvernightShipping
INFO: Calculating OVERNIGHT shipping
]]></system-err>
  </testcase>
  <testcase name="testOvernightMoreExpensiveThanExpress" classname="com.example.shipping.ShippingCalculatorIntegrationTest" time="0.001">
    <system-err><![CDATA[Nov 04, 2025 1:46:32 PM com.example.shipping.ShippingCalculator calculateExpressShipping
INFO: Calculating EXPRESS shipping
Nov 04, 2025 1:46:32 PM com.example.shipping.ShippingCalculator calculateOvernightShipping
INFO: Calculating OVERNIGHT shipping
]]></system-err>
  </testcase>
  <testcase name="testCostIncreasesWithWeight" classname="com.example.shipping.ShippingCalculatorIntegrationTest" time="0.001">
    <system-err><![CDATA[Nov 04, 2025 1:46:32 PM com.example.shipping.ShippingCalculator calculateStandardShipping
INFO: Calculating STANDARD shipping
Nov 04, 2025 1:46:32 PM com.example.shipping.ShippingCalculator calculateStandardShipping
INFO: Calculating STANDARD shipping
]]></system-err>
  </testcase>
</testsuite>